app/build/intermediates/manifest_merge_blame_file/debug/manifest-merger-blame-debug-report.txt
1<?xml version="1.0" encoding="utf-8"?>
2<manifest xmlns:android="http://schemas.android.com/apk/res/android"
3    package="com.example.googlemapapi"
4    android:versionCode="1"
5    android:versionName="1.0" >
6
7    <uses-sdk
8        android:minSdkVersion="21"
8-->src\main\AndroidManifest.xml
9        android:targetSdkVersion="29" />
9-->src\main\AndroidManifest.xml
10
11    <uses-permission android:name="android.permission.INTERNET" /> <!-- <uses-permission android:name="android.permission.ACCESS_COARSE_LOCATION"/> -->
11-->src\main\AndroidManifest.xml:5:5-67
11-->src\main\AndroidManifest.xml:5:22-64
12    <uses-permission android:name="android.permission.ACCESS_FINE_LOCATION" />
12-->src\main\AndroidManifest.xml:6:5-79
12-->src\main\AndroidManifest.xml:6:22-76
13
14    <!-- Include required permissions for Google Maps API to run. -->
15    <uses-permission android:name="android.permission.ACCESS_NETWORK_STATE" />
15-->[com.google.android.gms:play-services-maps:16.1.0] AndroidManifest.xml:23:5-79
15-->[com.google.android.gms:play-services-maps:16.1.0] AndroidManifest.xml:23:22-76
16
17    <uses-feature
17-->[com.google.android.gms:play-services-maps:16.1.0] AndroidManifest.xml:26:5-28:35
18        android:glEsVersion="0x00020000"
18-->[com.google.android.gms:play-services-maps:16.1.0] AndroidManifest.xml:27:9-41
19        android:required="true" />
19-->[com.google.android.gms:play-services-maps:16.1.0] AndroidManifest.xml:28:9-32
20
21    <application
21-->src\main\AndroidManifest.xml:8:5-37:19
22        android:allowBackup="true"
22-->src\main\AndroidManifest.xml:9:9-35
23        android:appComponentFactory="androidx.core.app.CoreComponentFactory"
23-->[androidx.core:core:1.1.0] AndroidManifest.xml:24:18-86
24        android:debuggable="true"
25        android:icon="@drawable/iconfinder1"
25-->src\main\AndroidManifest.xml:10:9-45
26        android:label="@string/app_name"
26-->src\main\AndroidManifest.xml:11:9-41
27        android:roundIcon="@mipmap/ic_launcher_round"
27-->src\main\AndroidManifest.xml:12:9-54
28        android:supportsRtl="true"
28-->src\main\AndroidManifest.xml:13:9-35
29        android:testOnly="true"
30        android:theme="@style/AppTheme"
30-->src\main\AndroidManifest.xml:14:9-40
31        android:usesCleartextTraffic="true" >
31-->src\main\AndroidManifest.xml:15:9-44
32        <activity android:name="com.example.androidMapApp.MainActivity" >
32-->src\main\AndroidManifest.xml:16:9-22:20
32-->src\main\AndroidManifest.xml:16:19-72
33            <intent-filter>
33-->src\main\AndroidManifest.xml:17:13-21:29
34                <action android:name="android.intent.action.MAIN" />
34-->src\main\AndroidManifest.xml:18:17-69
34-->src\main\AndroidManifest.xml:18:25-66
35
36                <category android:name="android.intent.category.LAUNCHER" />
36-->src\main\AndroidManifest.xml:20:17-77
36-->src\main\AndroidManifest.xml:20:27-74
37            </intent-filter>
38        </activity>
39        <activity android:name="com.example.androidMapApp.SeeLocalDbContentActivity" />
39-->src\main\AndroidManifest.xml:23:9-88
39-->src\main\AndroidManifest.xml:23:19-85
40        <activity android:name="com.example.androidMapApp.SynchronizeDatabasesActivity" />
40-->src\main\AndroidManifest.xml:24:9-91
40-->src\main\AndroidManifest.xml:24:19-88
41        <activity android:name="com.example.androidMapApp.ExploreOtherLocationsActivity" />
41-->src\main\AndroidManifest.xml:25:9-92
41-->src\main\AndroidManifest.xml:25:19-89
42        <activity android:name="com.example.androidMapApp.InsertIntoOnlineDbActivity" />
42-->src\main\AndroidManifest.xml:26:9-89
42-->src\main\AndroidManifest.xml:26:19-86
43
44        <meta-data
44-->src\main\AndroidManifest.xml:28:9-30:55
45            android:name="com.google.android.geo.API_KEY"
45-->src\main\AndroidManifest.xml:29:13-58
46            android:value="@string/google_maps_key" />
46-->src\main\AndroidManifest.xml:30:13-52
47
48        <activity
48-->src\main\AndroidManifest.xml:32:9-36:20
49            android:name="com.example.androidMapApp.Carte"
49-->src\main\AndroidManifest.xml:33:13-59
50            android:label="@string/title_activity_maps" >
50-->src\main\AndroidManifest.xml:34:13-56
51        </activity>
52        <!-- Needs to be explicitly declared on P+ -->
53        <uses-library
53-->[com.google.android.gms:play-services-maps:16.1.0] AndroidManifest.xml:33:9-35:40
54            android:name="org.apache.http.legacy"
54-->[com.google.android.gms:play-services-maps:16.1.0] AndroidManifest.xml:34:13-50
55            android:required="false" />
55-->[com.google.android.gms:play-services-maps:16.1.0] AndroidManifest.xml:35:13-37
56
57        <activity
57-->[com.google.android.gms:play-services-base:16.0.1] AndroidManifest.xml:23:9-26:75
58            android:name="com.google.android.gms.common.api.GoogleApiActivity"
58-->[com.google.android.gms:play-services-base:16.0.1] AndroidManifest.xml:24:13-79
59            android:exported="false"
59-->[com.google.android.gms:play-services-base:16.0.1] AndroidManifest.xml:25:13-37
60            android:theme="@android:style/Theme.Translucent.NoTitleBar" />
60-->[com.google.android.gms:play-services-base:16.0.1] AndroidManifest.xml:26:13-72
61
62        <meta-data
62-->[com.google.android.gms:play-services-basement:16.0.1] AndroidManifest.xml:23:9-25:69
63            android:name="com.google.android.gms.version"
63-->[com.google.android.gms:play-services-basement:16.0.1] AndroidManifest.xml:24:13-58
64            android:value="@integer/google_play_services_version" />
64-->[com.google.android.gms:play-services-basement:16.0.1] AndroidManifest.xml:25:13-66
65    </application>
66
67</manifest>